12:33:59,218  INFO satelite:27 – Iniciando ejecución...
12:33:59,223  INFO satelite:30 – Ejecutamos el proceso de eliminación de ficheros...
12:33:59,223  INFO satelite:48 – Ejecutamos el tratamiento del fichero VT050052...
12:33:59,225  INFO satelite:53 – Fin de la ejecución.
12:34:59,287  INFO satelite:27 – Iniciando ejecución...
12:34:59,290  INFO satelite:30 – Ejecutamos el proceso de eliminación de ficheros...
12:34:59,290  INFO satelite:48 – Ejecutamos el tratamiento del fichero VT050052...
12:34:59,293  INFO satelite:53 – Fin de la ejecución.
12:35:48,510  INFO satelite:27 – Iniciando ejecución...
12:35:48,515  INFO satelite:30 – Ejecutamos el proceso de eliminación de ficheros...
12:36:01,147  INFO satelite:48 – Ejecutamos el tratamiento de Cuenta de Efectivo...
13:39:26,062  INFO satelite:27 – Iniciando ejecución...
13:39:26,065  INFO satelite:30 – Ejecutamos el proceso de eliminación de ficheros...
13:39:37,992  INFO satelite:48 – Ejecutamos el tratamiento de Cuenta de Efectivo...
18:52:05,146 ERROR util:43 – Unparseable date: "10-may-2015"
18:52:05,151 ERROR util:43 – Unparseable date: "10-may-2015"
18:52:05,151 ERROR util:43 – Unparseable date: "10-may-2015"
18:52:51,800  INFO satelite:27 – Iniciando ejecución...
18:52:51,804  INFO satelite:30 – Ejecutamos el proceso de eliminación de ficheros...
18:53:13,615 ERROR util:43 – Unparseable date: "10-may-2015"
19:21:09,334 ERROR util:48 – Unparseable date: "Sun May 10 19:19:36 CEST 2015"
19:21:40,204 ERROR util:48 – Unparseable date: "Sun May 10 19:21:18 CEST 2015"
19:24:40,226 ERROR util:29 – Unparseable date: "12/12/2013"
19:24:40,229 ERROR util:29 – Unparseable date: "12/12/2099"
19:24:40,230 ERROR util:29 – Unparseable date: "10/05/2015"
